2022-01-05 13:30:08 - root - INFO - Now Processing: https://www.indeed.com/jobs?q=creative+developer&fromage=14&ts=1630833670404&rq=1&newcount=97580&rsldx=0&start=0
2022-01-05 13:30:08 - root - INFO - Page: 0, creative developer
2022-01-05 13:30:10 - root - WARNING - Can't get company page link when processing this job: None:Game Designer:https://www.indeed.com/company/Boss-Fight-Entertainment/jobs/Game-Designer-d17f470ed6f2b460?fccid=3e8d2d69d6873f85&vjs=3
2022-01-05 13:30:10 - root - WARNING - Can't get company page link when processing this job: None:Entry Level - Creative and Collaborative Software Engineer:https://www.indeed.com/company/Medicomp-Inc./jobs/Entry-Level-bb9c2ea4fcae9c35?fccid=5634f18cece5c617&vjs=3
2022-01-05 13:30:10 - root - INFO - Now Processing: https://www.indeed.com/jobs?q=creative+developer&fromage=14&ts=1630833670404&rq=1&newcount=97580&rsldx=0&start=10
2022-01-05 13:30:10 - root - INFO - Page: 1, creative developer
2022-01-05 13:30:12 - root - WARNING - Can't get company page link when processing this job: None:Visual Designer/Developer:https://www.indeed.com/rc/clk?jk=86e15af0d4f5afa0&fccid=b4b75bfdcda4dfd8&vjs=3
2022-01-05 13:30:12 - root - WARNING - Can't get company page link when processing this job: None:Marketing Designer-Developer:https://www.indeed.com/rc/clk?jk=cf9643927fd8f70f&fccid=582fbfedf7e354b4&vjs=3
2022-01-05 13:30:12 - root - WARNING - Can't get company page link when processing this job: None:Producer:https://www.indeed.com/rc/clk?jk=76e92454ec9041de&fccid=cc5ad992e2e58013&vjs=3
2022-01-05 13:30:12 - root - INFO - ====Finished Processing====: creative developer
2022-01-05 13:30:12 - root - INFO - ====Send data to CSV file====: creative developer
2022-01-05 13:30:12 - root - INFO - ====Finished Sending data to CSV file====: creative developer
2022-01-05 13:30:12 - root - INFO - ====Sending data to readme====: creative developer
2022-01-05 13:30:12 - root - INFO - ====Finished Sending data to readme====: creative developer
2022-01-05 13:30:12 - root - INFO - Now Processing: https://www.simplyhired.com/search?q=creative+developer&pn=1
2022-01-05 13:30:14 - root - INFO - ====Finished Processing====: creative developer
2022-01-05 13:30:14 - root - INFO - ====Sending data to CSV file====: creative developer
2022-01-05 13:30:14 - root - INFO - ====Finished Sending data to CSV file====: creative developer
2022-01-05 13:30:14 - root - INFO - ====Sending data to readme====: creative developer
2022-01-05 13:30:14 - root - INFO - ====Finished Sending data to readme====: creative developer
2022-01-05 13:30:14 - root - INFO - Now Processing: https://uk.indeed.com/jobs?q=creative+developer&fromage=14&ts=1630833670404&rq=1&newcount=97580&rsldx=0&start=0
2022-01-05 13:30:14 - root - INFO - Page: 0, creative developer
2022-01-05 13:30:16 - root - WARNING - Can't get company page link when processing this job: None:Digital Marketing - Web Infrastructure Developer (Remote):https://uk.indeed.com/rc/clk?jk=78a22dcf02fe4884&fccid=353eb997fc901045&vjs=3
2022-01-05 13:30:16 - root - WARNING - Can't get company page link when processing this job: None:Contract Software Developer 3D Graphics – CUDA:https://uk.indeed.com/rc/clk?jk=ecae6e3524642e1a&fccid=71e95318118dad97&vjs=3
2022-01-05 13:30:16 - root - WARNING - Can't get company page link when processing this job: None:Content Developer:https://uk.indeed.com/rc/clk?jk=41b519190e62e217&fccid=18674159c6b39520&vjs=3
2022-01-05 13:30:16 - root - WARNING - Can't get company page link when processing this job: None:Digital Marketing Executive & Web Developer:https://uk.indeed.com/company/Home-Improvements-UK/jobs/Digital-Marketing-Executive-Web-Developer-3faebe74fa24131f?fccid=48e71b6156f5b0ee&vjs=3
2022-01-05 13:30:16 - root - WARNING - Can't get company page link when processing this job: None:Senior Graphics Programmer / Developer:https://uk.indeed.com/rc/clk?jk=f6e7e600a8947e55&fccid=359c750e67cb8d70&vjs=3
2022-01-05 13:30:16 - root - INFO - Now Processing: https://uk.indeed.com/jobs?q=creative+developer&fromage=14&ts=1630833670404&rq=1&newcount=97580&rsldx=0&start=10
2022-01-05 13:30:16 - root - INFO - Page: 1, creative developer
2022-01-05 13:30:18 - root - WARNING - Can't get company page link when processing this job: None:Technical Architect-Salesforce Marketing Cloud:https://uk.indeed.com/company/Yansh-Technologies-Ltd./jobs/Technical-Architect-Salesforce-Marketing-Cloud-80aedb0e3da7be8a?fccid=ab97738dab894c65&vjs=3
2022-01-05 13:30:18 - root - WARNING - Can't get company page link when processing this job: None:Growth Engineer - Marketing automation:https://uk.indeed.com/rc/clk?jk=292bda5381d3374f&fccid=d40b824c7b625849&vjs=3
2022-01-05 13:30:18 - root - WARNING - Can't get company page link when processing this job: None:Senior Technical Content Developer (Technical Writer):https://uk.indeed.com/company/CloudBees/jobs/Senior-Technical-Content-Developer-bc9fbcb0e0d71742?fccid=6cf1010717af16d8&vjs=3
2022-01-05 13:30:18 - root - INFO - ====Finished Processing====: creative developer
2022-01-05 13:30:18 - root - INFO - ====Send data to CSV file====: creative developer
2022-01-05 13:30:18 - root - INFO - ====Finished Sending data to CSV file====: creative developer
2022-01-05 13:30:18 - root - INFO - ====Sending data to readme====: creative developer
2022-01-05 13:30:18 - root - INFO - ====Finished Sending data to readme====: creative developer
2022-01-05 13:30:19 - root - INFO - Now Processing: https://www.glassdoor.com/Job/jobs.htm?sc.keyword=creative+developer&fromAge=14
2022-01-05 13:30:21 - root - INFO - ====Finished Processing====: creative developer
2022-01-05 13:30:21 - root - INFO - ====Sending data to CSV file====: creative developer
2022-01-05 13:30:21 - root - INFO - ====Finished Sending data to CSV file====: creative developer
2022-01-05 13:30:21 - root - INFO - ====Sending data to readme====: creative developer
2022-01-05 13:30:21 - root - INFO - ====Finished Sending data to readme====: creative developer
